app/build/intermediates/manifest_merge_blame_file/debug/manifest-merger-blame-debug-report.txt
1<?xml version="1.0" encoding="utf-8"?>
2<manifest xmlns:android="http://schemas.android.com/apk/res/android"
3    package="com.example.cse323"
4    android:versionCode="1"
5    android:versionName="1.0" >
6
7    <uses-sdk
8        android:minSdkVersion="23"
8-->src/main/AndroidManifest.xml
9        android:targetSdkVersion="29" />
9-->src/main/AndroidManifest.xml
10
11    <uses-permission android:name="android.permission.PACKAGE_USAGE_STATS" />
11-->src/main/AndroidManifest.xml:6:5-8:47
11-->src/main/AndroidManifest.xml:7:9-62
12
13    <application
13-->src/main/AndroidManifest.xml:10:5-31:19
14        android:allowBackup="true"
14-->src/main/AndroidManifest.xml:11:9-35
15        android:appComponentFactory="androidx.core.app.CoreComponentFactory"
15-->[androidx.core:core:1.1.0] AndroidManifest.xml:24:18-86
16        android:debuggable="true"
17        android:extractNativeLibs="false"
18        android:icon="@mipmap/ic_launcher"
18-->src/main/AndroidManifest.xml:12:9-43
19        android:label="@string/app_name"
19-->src/main/AndroidManifest.xml:13:9-41
20        android:roundIcon="@mipmap/ic_launcher_round"
20-->src/main/AndroidManifest.xml:14:9-54
21        android:supportsRtl="true"
21-->src/main/AndroidManifest.xml:15:9-35
22        android:theme="@style/AppTheme" >
22-->src/main/AndroidManifest.xml:16:9-40
23        <activity android:name="com.example.cse323.DisplayActivity" >
23-->src/main/AndroidManifest.xml:18:9-22:20
23-->src/main/AndroidManifest.xml:18:19-50
24            <meta-data
24-->src/main/AndroidManifest.xml:19:13-21:67
25                android:name="android.support.PARENT_ACTIVITY"
25-->src/main/AndroidManifest.xml:20:17-63
26                android:value="com.example.cse323.MainActivity" />
26-->src/main/AndroidManifest.xml:21:17-64
27        </activity>
28        <activity android:name="com.example.cse323.MainActivity" >
28-->src/main/AndroidManifest.xml:24:9-30:20
28-->src/main/AndroidManifest.xml:24:19-47
29            <intent-filter>
29-->src/main/AndroidManifest.xml:25:13-29:29
30                <action android:name="android.intent.action.MAIN" />
30-->src/main/AndroidManifest.xml:26:17-69
30-->src/main/AndroidManifest.xml:26:25-66
31
32                <category android:name="android.intent.category.LAUNCHER" />
32-->src/main/AndroidManifest.xml:28:17-77
32-->src/main/AndroidManifest.xml:28:27-74
33            </intent-filter>
34        </activity>
35    </application>
36
37</manifest>